<?xml version="1.0" encoding="UTF-8"?>
<!-- Generated by org.testng.reporters.JUnitXMLReporter -->
<testsuite ignored="0" hostname="Arsalan-Khalids-MacBook-Pro.local" failures="0" tests="5" name="Default test" time="4.141" errors="0" timestamp="2023-09-03T01:03:12 PKT">
  <testcase classname="ApiCalls.ApiCalls" name="delete_call" time="2.04"/>
  <testcase classname="ApiCalls.ApiCalls" name="get_call" time="0.841"/>
  <testcase classname="ApiCalls.ApiCalls" name="patch_call" time="0.388"/>
  <testcase classname="ApiCalls.ApiCalls" name="post_call" time="0.366"/>
  <testcase classname="ApiCalls.ApiCalls" name="put_call" time="0.474"/>
</testsuite> <!-- Default test -->
