<?xml version="1.0" encoding="UTF-8"?>
<testng-results ignored="0" total="1" passed="1" failed="0" skipped="0">
  <reporter-output>
  </reporter-output>
  <suite started-at="2024-05-15T11:12:21 CEST" name="Default suite" finished-at="2024-05-15T11:12:32 CEST" duration-ms="10189">
    <groups>
    </groups>
    <test started-at="2024-05-15T11:12:21 CEST" name="Default test" finished-at="2024-05-15T11:12:32 CEST" duration-ms="10189">
      <class name="FormAutomation.FormAutomation">
        <test-method is-config="true" signature="setUp()[pri:0, instance:FormAutomation.FormAutomation@9597028]" started-at="2024-05-15T11:12:21 CEST" name="setUp" finished-at="2024-05-15T11:12:25 CEST" duration-ms="3490" status="PASS">
          <reporter-output>
          </reporter-output>
        </test-method> <!-- setUp -->
        <test-method signature="Form_Fill()[pri:0, instance:FormAutomation.FormAutomation@9597028]" started-at="2024-05-15T11:12:25 CEST" name="Form_Fill" finished-at="2024-05-15T11:12:32 CEST" duration-ms="6646" status="PASS">
          <reporter-output>
          </reporter-output>
        </test-method> <!-- Form_Fill -->
      </class> <!-- FormAutomation.FormAutomation -->
    </test> <!-- Default test -->
  </suite> <!-- Default suite -->
</testng-results>
